 &LIO
 NATOM   =           3,
 NSOL    =           0,
 CHARGE  =           0,
 OPEN    = F,
 NMAX    =         100,
 NUNP    =           0,
 VCINP   = F,
 FRESTARTIN      = restart.in          ,
 GOLD    =   5.00000000000000     ,
 TOLD    =  1.000000000000000E-006,
 RMAX    =   16.0000000000000     ,
 RMAXS   =   5.00000000000000     ,
 PREDCOEF        = F,
 IDIP    =           1,
 WRITEXYZ        = T,
 INTSOLDOUBLE    = T,
 DIIS    = F,
 NDIIS   =          30,
 DGTRIG  =   100.000000000000     ,
 IEXCH   =           9,
 INTEG   = T,
 DENS    = T,
 IGRID   =           2,
 IGRID2  =           2,
 TIMEDEP =           0,
 TDSTEP  =  2.000000000000000E-003,
 NTDSTEP =        1000,
 PROPAGATOR      =           1,
 NBCH    =          10,
 FIELD   = F,
 A0      =   1000.00000000000     ,
 EPSILON =   1.00000000000000     ,
 EXTER   = F,
 FX      =  5.000000074505806E-002,
 FY      =  5.000000074505806E-002,
 FZ      =  5.000000074505806E-002
 /
<====== Initializing G2G ======>GPU Device used: GeForce GTX 670
Kernels: gpu
 NCO=           5
           3           3          90          90          30          30
 JOB STARTED NOW
Thu Apr 10 15:29:25 ART 2014
 en drive          19          42           5
<======= GPU Code Initialization ========>
atoms: 3
max atoms: 3
number of gaussians: 90
do_forces: false
s: 7 p: 2 d: 1
m: 19
 nco: 5
<====== read_options ========>
little_cube_size 15.5
max_function_exponent 10
min_points_per_cube 1
sphere_radius 0.5
energy_all_iterations true
 ntatom y demas           3           0           3
<======= GPU Reload Atom Positions (2)========>
[2] cubo: (0,0,0): 114 puntos; 16 funciones, vecinos: 3
[2] cubo: (0,0,1): 227 puntos; 17 funciones, vecinos: 3
[2] cubo: (0,1,0): 221 puntos; 16 funciones, vecinos: 3
[2] cubo: (0,1,1): 477 puntos; 17 funciones, vecinos: 3
[2] cubo: (1,0,0): 256 puntos; 18 funciones, vecinos: 3
[2] cubo: (1,0,1): 1796 puntos; 19 funciones, vecinos: 3
[2] cubo: (1,1,0): 537 puntos; 18 funciones, vecinos: 3
[2] cubo: (1,1,1): 4007 puntos; 19 funciones, vecinos: 3
sphere: 3492 puntos, 19 funciones | funcion x punto: 0.005441008018 vecinos: 3
sphere: 2910 puntos, 17 funciones | funcion x punto: 0.005841924399 vecinos: 3
sphere: 2910 puntos, 17 funciones | funcion x punto: 0.005841924399 vecinos: 3
Grilla final: 16947 puntos (recordar que los de peso 0 se tiran), 307147 funciones
Costo: 5583623
NCOxM: 965 MxM: 3399
Particion final: 3 esferas y 8 cubos
timer grilla: 11320us.
 kknum         187 MM         190
TIMER [int3mem]: 555us.
TIMER [principio int3lu]: 7us.
TIMER [int3lu]: 5us.
<================ iteracion [rmm] ==========>
Ei: -11.39283908 Ec: -0.3903913715 Ec1: -0.753172073 Ec2: 0.3627807009
iteration: 38174us.
rmm: 4446us. density: 13384us. pot: 0us. forces: 0us. resto: 0us. functions: 13608us.

XC energy: -11.78323045
TIMER [actualiza rmm]: 17us.
TIMER [dspev]: 75us.
TIMER [coeff]: 7us.
TIMER [otras cosas]: 6us.
  1  0.500000E+01     -69.7804527
TIMER [Total iter]: 38385us.
TIMER [principio int3lu]: 7us.
TIMER [int3lu]: 5us.
<================ iteracion [rmm] ==========>
Ei: -7.013005615 Ec: -0.2555568035 Ec1: -0.5594558399 Ec2: 0.3038990362
iteration: 37454us.
rmm: 4444us. density: 13159us. pot: 0us. forces: 0us. resto: 0us. functions: 13229us.

XC energy: -7.268562412
TIMER [actualiza rmm]: 12us.
TIMER [dspev]: 71us.
TIMER [coeff]: 7us.
TIMER [otras cosas]: 3us.
  2  0.500000E+01     -68.5241292
TIMER [Total iter]: 37624us.
TIMER [principio int3lu]: 7us.
TIMER [int3lu]: 5us.
<================ iteracion [rmm] ==========>
Ei: -7.04396219 Ec: -0.2630810017 Ec1: -0.5629774445 Ec2: 0.2998964433
iteration: 37538us.
rmm: 4440us. density: 13212us. pot: 0us. forces: 0us. resto: 0us. functions: 13260us.

XC energy: -7.307043187
TIMER [actualiza rmm]: 12us.
TIMER [dspev]: 71us.
TIMER [coeff]: 7us.
TIMER [otras cosas]: 3us.
  3  0.500000E+01     -71.4262866
TIMER [Total iter]: 37709us.
TIMER [principio int3lu]: 7us.
TIMER [int3lu]: 4us.
<================ iteracion [rmm] ==========>
Ei: -7.239996118 Ec: -0.2596418153 Ec1: -0.572147591 Ec2: 0.3125057759
iteration: 37417us.
rmm: 4448us. density: 13106us. pot: 0us. forces: 0us. resto: 0us. functions: 13240us.

XC energy: -7.499637933
TIMER [actualiza rmm]: 12us.
TIMER [dspev]: 68us.
TIMER [coeff]: 7us.
TIMER [otras cosas]: 3us.
  4  0.500000E+01     -72.8996361
TIMER [Total iter]: 37607us.
TIMER [principio int3lu]: 7us.
TIMER [int3lu]: 5us.
<================ iteracion [rmm] ==========>
Ei: -7.559551235 Ec: -0.2669646599 Ec1: -0.5881733388 Ec2: 0.3212086789
iteration: 37529us.
rmm: 4449us. density: 13188us. pot: 0us. forces: 0us. resto: 0us. functions: 13247us.

XC energy: -7.826515886
TIMER [actualiza rmm]: 12us.
TIMER [dspev]: 66us.
TIMER [coeff]: 7us.
TIMER [otras cosas]: 3us.
  5  0.500000E+01     -74.6419129
TIMER [Total iter]: 37696us.
TIMER [principio int3lu]: 7us.
TIMER [int3lu]: 4us.
<================ iteracion [rmm] ==========>
Ei: -8.263310434 Ec: -0.2972889684 Ec1: -0.6247220709 Ec2: 0.327433102
iteration: 37536us.
rmm: 4427us. density: 13097us. pot: 0us. forces: 0us. resto: 0us. functions: 13414us.

XC energy: -8.560599401
TIMER [actualiza rmm]: 12us.
TIMER [dspev]: 63us.
TIMER [coeff]: 6us.
TIMER [otras cosas]: 3us.
  6  0.500000E+01     -75.9573336
TIMER [Total iter]: 37698us.
TIMER [principio int3lu]: 7us.
TIMER [int3lu]: 4us.
<================ iteracion [rmm] ==========>
Ei: -8.384944205 Ec: -0.2983389781 Ec1: -0.6300719279 Ec2: 0.3317329495
iteration: 37063us.
rmm: 4418us. density: 13000us. pot: 0us. forces: 0us. resto: 0us. functions: 13053us.

XC energy: -8.683283188
TIMER [actualiza rmm]: 11us.
TIMER [dspev]: 61us.
TIMER [coeff]: 6us.
TIMER [otras cosas]: 3us.
  7  0.500000E+01     -76.0086563
TIMER [Total iter]: 37221us.
TIMER [principio int3lu]: 7us.
TIMER [int3lu]: 4us.
<================ iteracion [rmm] ==========>
Ei: -8.413591769 Ec: -0.2964228852 Ec1: -0.6308699394 Ec2: 0.3344470545
iteration: 36757us.
rmm: 4421us. density: 12943us. pot: 0us. forces: 0us. resto: 0us. functions: 12922us.

XC energy: -8.710014661
TIMER [actualiza rmm]: 11us.
TIMER [dspev]: 62us.
TIMER [coeff]: 6us.
TIMER [otras cosas]: 3us.
  8  0.500000E+01     -76.0336599
TIMER [Total iter]: 36915us.
TIMER [principio int3lu]: 7us.
TIMER [int3lu]: 4us.
<================ iteracion [rmm] ==========>
Ei: -8.441702926 Ec: -0.295276134 Ec1: -0.6318192986 Ec2: 0.3365431645
iteration: 37065us.
rmm: 4423us. density: 12969us. pot: 0us. forces: 0us. resto: 0us. functions: 13184us.

XC energy: -8.736979055
TIMER [actualiza rmm]: 11us.
TIMER [dspev]: 62us.
TIMER [coeff]: 6us.
TIMER [otras cosas]: 3us.
  9  0.500000E+01     -76.0478738
TIMER [Total iter]: 37223us.
TIMER [principio int3lu]: 7us.
TIMER [int3lu]: 4us.
<================ iteracion [rmm] ==========>
Ei: -8.463746413 Ec: -0.2944586894 Ec1: -0.6325868284 Ec2: 0.3381281393
iteration: 36916us.
rmm: 4429us. density: 12885us. pot: 0us. forces: 0us. resto: 0us. functions: 12951us.

XC energy: -8.758205104
TIMER [actualiza rmm]: 11us.
TIMER [dspev]: 64us.
TIMER [coeff]: 6us.
TIMER [otras cosas]: 3us.
 10  0.500000E+01     -76.0559625
TIMER [Total iter]: 37075us.
TIMER [principio int3lu]: 7us.
TIMER [int3lu]: 4us.
<================ iteracion [rmm] ==========>
Ei: -8.481096139 Ec: -0.2938812013 Ec1: -0.6332074461 Ec2: 0.3393262449
iteration: 37174us.
rmm: 4396us. density: 12949us. pot: 0us. forces: 0us. resto: 0us. functions: 13297us.

XC energy: -8.774977333
TIMER [actualiza rmm]: 11us.
TIMER [dspev]: 63us.
TIMER [coeff]: 6us.
TIMER [otras cosas]: 3us.
 11  0.500000E+01     -76.0605777
TIMER [Total iter]: 37332us.
TIMER [principio int3lu]: 6us.
TIMER [int3lu]: 4us.
<================ iteracion [rmm] ==========>
Ei: -8.494460705 Ec: -0.2934596982 Ec1: -0.6336923807 Ec2: 0.3402326826
iteration: 37341us.
rmm: 4578us. density: 12974us. pot: 0us. forces: 0us. resto: 0us. functions: 13369us.

XC energy: -8.787920397
TIMER [actualiza rmm]: 13us.
TIMER [dspev]: 79us.
TIMER [coeff]: 7us.
TIMER [otras cosas]: 4us.
 12  0.500000E+01     -76.0632199
TIMER [Total iter]: 37526us.
TIMER [principio int3lu]: 8us.
TIMER [int3lu]: 5us.
<================ iteracion [rmm] ==========>
Ei: -8.504741188 Ec: -0.2931498626 Ec1: -0.6340697029 Ec2: 0.3409198415
iteration: 37286us.
rmm: 4386us. density: 12847us. pot: 0us. forces: 0us. resto: 0us. functions: 13516us.

XC energy: -8.797891039
TIMER [actualiza rmm]: 12us.
TIMER [dspev]: 70us.
TIMER [coeff]: 7us.
TIMER [otras cosas]: 3us.
 13  0.500000E+01     -76.0647392
TIMER [Total iter]: 37460us.
TIMER [principio int3lu]: 8us.
TIMER [int3lu]: 4us.
<================ iteracion [rmm] ==========>
Ei: -8.512605954 Ec: -0.2929187509 Ec1: -0.6343606095 Ec2: 0.3414418584
iteration: 37133us.
rmm: 4623us. density: 12891us. pot: 0us. forces: 0us. resto: 0us. functions: 12993us.

XC energy: -8.805524705
TIMER [actualiza rmm]: 12us.
TIMER [dspev]: 73us.
TIMER [coeff]: 7us.
TIMER [otras cosas]: 3us.
 14  0.500000E+01     -76.0656163
TIMER [Total iter]: 37308us.
TIMER [principio int3lu]: 8us.
TIMER [int3lu]: 4us.
<================ iteracion [rmm] ==========>
Ei: -8.518619854 Ec: -0.2927452371 Ec1: -0.6345844602 Ec2: 0.3418392234
iteration: 37357us.
rmm: 4394us. density: 12863us. pot: 0us. forces: 0us. resto: 0us. functions: 13420us.

XC energy: -8.811365084
TIMER [actualiza rmm]: 12us.
TIMER [dspev]: 72us.
TIMER [coeff]: 7us.
TIMER [otras cosas]: 3us.
 15  0.500000E+01     -76.0661250
TIMER [Total iter]: 37532us.
TIMER [principio int3lu]: 8us.
TIMER [int3lu]: 4us.
<================ iteracion [rmm] ==========>
Ei: -8.523210843 Ec: -0.2926139533 Ec1: -0.6347561978 Ec2: 0.3421422449
iteration: 37078us.
rmm: 4438us. density: 13194us. pot: 0us. forces: 0us. resto: 0us. functions: 13016us.

XC energy: -8.815824793
TIMER [actualiza rmm]: 12us.
TIMER [dspev]: 72us.
TIMER [coeff]: 7us.
TIMER [otras cosas]: 3us.
 16  0.500000E+01     -76.0664210
TIMER [Total iter]: 37253us.
TIMER [principio int3lu]: 8us.
TIMER [int3lu]: 5us.
<================ iteracion [rmm] ==========>
Ei: -8.526714917 Ec: -0.2925141444 Ec1: -0.6348878374 Ec2: 0.3423736927
iteration: 37477us.
rmm: 4397us. density: 12885us. pot: 0us. forces: 0us. resto: 0us. functions: 13348us.

XC energy: -8.819229063
TIMER [actualiza rmm]: 12us.
TIMER [dspev]: 71us.
TIMER [coeff]: 7us.
TIMER [otras cosas]: 3us.
 17  0.500000E+01     -76.0665931
TIMER [Total iter]: 37652us.
TIMER [principio int3lu]: 8us.
TIMER [int3lu]: 4us.
<================ iteracion [rmm] ==========>
Ei: -8.529388822 Ec: -0.2924378619 Ec1: -0.6349886427 Ec2: 0.3425507807
iteration: 37426us.
rmm: 4460us. density: 12899us. pot: 0us. forces: 0us. resto: 0us. functions: 13268us.

XC energy: -8.821826679
TIMER [actualiza rmm]: 12us.
TIMER [dspev]: 72us.
TIMER [coeff]: 7us.
TIMER [otras cosas]: 3us.
 18  0.500000E+01     -76.0666947
TIMER [Total iter]: 37601us.
TIMER [principio int3lu]: 7us.
TIMER [int3lu]: 4us.
<================ iteracion [rmm] ==========>
Ei: -8.531429611 Ec: -0.2923794108 Ec1: -0.6350658425 Ec2: 0.3426864317
iteration: 37087us.
rmm: 4417us. density: 13181us. pot: 0us. forces: 0us. resto: 0us. functions: 12990us.

XC energy: -8.82380902
TIMER [actualiza rmm]: 12us.
TIMER [dspev]: 72us.
TIMER [coeff]: 7us.
TIMER [otras cosas]: 3us.
 19  0.500000E+01     -76.0667539
TIMER [Total iter]: 37261us.
TIMER [principio int3lu]: 8us.
TIMER [int3lu]: 4us.
<================ iteracion [rmm] ==========>
Ei: -8.532987724 Ec: -0.2923344475 Ec1: -0.6351249623 Ec2: 0.3427905142
iteration: 37477us.
rmm: 4413us. density: 13250us. pot: 0us. forces: 0us. resto: 0us. functions: 13318us.

XC energy: -8.825322178
TIMER [actualiza rmm]: 11us.
TIMER [dspev]: 65us.
TIMER [coeff]: 6us.
TIMER [otras cosas]: 3us.
 20  0.500000E+01     -76.0667893
TIMER [Total iter]: 37645us.
TIMER [principio int3lu]: 8us.
TIMER [int3lu]: 4us.
<================ iteracion [rmm] ==========>
Ei: -8.534178102 Ec: -0.2922998065 Ec1: -0.6351702738 Ec2: 0.3428704675
iteration: 36722us.
rmm: 4405us. density: 12864us. pot: 0us. forces: 0us. resto: 0us. functions: 12969us.

XC energy: -8.8264779
TIMER [actualiza rmm]: 11us.
TIMER [dspev]: 63us.
TIMER [coeff]: 6us.
TIMER [otras cosas]: 3us.
 21  0.500000E+01     -76.0668105
TIMER [Total iter]: 36882us.
TIMER [principio int3lu]: 7us.
TIMER [int3lu]: 4us.
<================ iteracion [rmm] ==========>
Ei: -8.535086664 Ec: -0.2922730051 Ec1: -0.6352049563 Ec2: 0.3429319508
iteration: 37128us.
rmm: 4550us. density: 13009us. pot: 0us. forces: 0us. resto: 0us. functions: 13001us.

XC energy: -8.827359664
TIMER [actualiza rmm]: 11us.
TIMER [dspev]: 64us.
TIMER [coeff]: 6us.
TIMER [otras cosas]: 3us.
 22  0.500000E+01     -76.0668224
TIMER [Total iter]: 37288us.
TIMER [principio int3lu]: 7us.
TIMER [int3lu]: 4us.
<================ iteracion [rmm] ==========>
Ei: -8.535782457 Ec: -0.2922522793 Ec1: -0.6352316065 Ec2: 0.3429793273
iteration: 37022us.
rmm: 4407us. density: 13032us. pot: 0us. forces: 0us. resto: 0us. functions: 13058us.

XC energy: -8.828034729
TIMER [actualiza rmm]: 11us.
TIMER [dspev]: 63us.
TIMER [coeff]: 6us.
TIMER [otras cosas]: 3us.
 23  0.500000E+01     -76.0668305
TIMER [Total iter]: 37180us.
TIMER [principio int3lu]: 7us.
TIMER [int3lu]: 4us.
<================ iteracion [rmm] ==========>
Ei: -8.536313443 Ec: -0.2922361623 Ec1: -0.6352520055 Ec2: 0.3430158432
iteration: 36908us.
rmm: 4395us. density: 12951us. pot: 0us. forces: 0us. resto: 0us. functions: 13060us.

XC energy: -8.828549608
TIMER [actualiza rmm]: 11us.
TIMER [dspev]: 63us.
TIMER [coeff]: 6us.
TIMER [otras cosas]: 3us.
 24  0.500000E+01     -76.0668345
TIMER [Total iter]: 37067us.
TIMER [principio int3lu]: 7us.
TIMER [int3lu]: 4us.
<================ iteracion [rmm] ==========>
Ei: -8.536720825 Ec: -0.2922236487 Ec1: -0.6352677043 Ec2: 0.343044056
iteration: 36859us.
rmm: 4441us. density: 12828us. pot: 0us. forces: 0us. resto: 0us. functions: 13052us.

XC energy: -8.828944481
TIMER [actualiza rmm]: 11us.
TIMER [dspev]: 63us.
TIMER [coeff]: 6us.
TIMER [otras cosas]: 3us.
 25  0.500000E+01     -76.0668374
TIMER [Total iter]: 37017us.
TIMER [principio int3lu]: 6us.
TIMER [int3lu]: 4us.
<================ iteracion [rmm] ==========>
Ei: -8.537033034 Ec: -0.2922138982 Ec1: -0.6352797792 Ec2: 0.343065881
iteration: 36875us.
rmm: 4410us. density: 12924us. pot: 0us. forces: 0us. resto: 0us. functions: 13015us.

XC energy: -8.829246929
TIMER [actualiza rmm]: 11us.
TIMER [dspev]: 63us.
TIMER [coeff]: 6us.
TIMER [otras cosas]: 3us.
 26  0.500000E+01     -76.0668395
TIMER [Total iter]: 37032us.
TIMER [principio int3lu]: 7us.
TIMER [int3lu]: 4us.
<================ iteracion [rmm] ==========>
Ei: -8.53727214 Ec: -0.2922062856 Ec1: -0.6352890625 Ec2: 0.3430827763
iteration: 36988us.
rmm: 4398us. density: 13010us. pot: 0us. forces: 0us. resto: 0us. functions: 13141us.

XC energy: -8.829478437
TIMER [actualiza rmm]: 11us.
TIMER [dspev]: 62us.
TIMER [coeff]: 6us.
TIMER [otras cosas]: 3us.
 27  0.500000E+01     -76.0668405
TIMER [Total iter]: 37145us.
TIMER [principio int3lu]: 7us.
TIMER [int3lu]: 4us.
<================ iteracion [rmm] ==========>
Ei: -8.537455293 Ec: -0.2922003426 Ec1: -0.6352962052 Ec2: 0.3430958631
iteration: 36926us.
rmm: 4418us. density: 12920us. pot: 0us. forces: 0us. resto: 0us. functions: 13054us.

XC energy: -8.829655637
TIMER [actualiza rmm]: 11us.
TIMER [dspev]: 62us.
TIMER [coeff]: 6us.
TIMER [otras cosas]: 3us.
 28  0.500000E+01     -76.0668406
TIMER [Total iter]: 37083us.
TIMER [principio int3lu]: 7us.
TIMER [int3lu]: 4us.
<================ iteracion [rmm] ==========>
Ei: -8.537596376 Ec: -0.2921956753 Ec1: -0.6353017201 Ec2: 0.3431060449
iteration: 36769us.
rmm: 4427us. density: 12856us. pot: 0us. forces: 0us. resto: 0us. functions: 13005us.

XC energy: -8.829792051
TIMER [actualiza rmm]: 11us.
TIMER [dspev]: 64us.
TIMER [coeff]: 6us.
TIMER [otras cosas]: 3us.
 29  0.500000E+01     -76.0668413
TIMER [Total iter]: 36928us.
TIMER [principio int3lu]: 7us.
TIMER [int3lu]: 4us.
<================ iteracion [rmm] ==========>
Ei: -8.537704817 Ec: -0.2921920266 Ec1: -0.6353059824 Ec2: 0.3431139567
iteration: 36826us.
rmm: 4438us. density: 12946us. pot: 0us. forces: 0us. resto: 0us. functions: 12946us.

XC energy: -8.829896848
TIMER [actualiza rmm]: 11us.
TIMER [dspev]: 63us.
TIMER [coeff]: 6us.
TIMER [otras cosas]: 3us.
 30  0.500000E+01     -76.0668415
TIMER [Total iter]: 36983us.
TIMER [principio int3lu]: 7us.
TIMER [int3lu]: 4us.
<================ iteracion [rmm] ==========>
Ei: -8.537788208 Ec: -0.292189161 Ec1: -0.6353092866 Ec2: 0.3431201256
iteration: 36803us.
rmm: 4398us. density: 12923us. pot: 0us. forces: 0us. resto: 0us. functions: 13003us.

XC energy: -8.829977376
TIMER [actualiza rmm]: 11us.
TIMER [dspev]: 62us.
TIMER [coeff]: 6us.
TIMER [otras cosas]: 3us.
 31  0.500000E+01     -76.0668418
TIMER [Total iter]: 36975us.
TIMER [principio int3lu]: 7us.
TIMER [int3lu]: 4us.
<================ iteracion [rmm] ==========>
Ei: -8.537852526 Ec: -0.2921869084 Ec1: -0.6353118393 Ec2: 0.343124931
iteration: 36926us.
rmm: 4395us. density: 12965us. pot: 0us. forces: 0us. resto: 0us. functions: 13043us.

XC energy: -8.830039437
TIMER [actualiza rmm]: 11us.
TIMER [dspev]: 64us.
TIMER [coeff]: 6us.
TIMER [otras cosas]: 3us.
 32  0.500000E+01     -76.0668418
TIMER [Total iter]: 37085us.
TIMER [principio int3lu]: 6us.
TIMER [int3lu]: 4us.
<================ iteracion [rmm] ==========>
Ei: -8.537901562 Ec: -0.2921851094 Ec1: -0.6353137935 Ec2: 0.3431286845
iteration: 37000us.
rmm: 4422us. density: 12914us. pot: 0us. forces: 0us. resto: 0us. functions: 13169us.

XC energy: -8.830086669
TIMER [actualiza rmm]: 11us.
TIMER [dspev]: 67us.
TIMER [coeff]: 6us.
TIMER [otras cosas]: 3us.
 33  0.500000E+01     -76.0668415
TIMER [Total iter]: 37161us.
TIMER [principio int3lu]: 6us.
TIMER [int3lu]: 4us.
<================ iteracion [rmm] ==========>
Ei: -8.537940355 Ec: -0.2921837143 Ec1: -0.635315354 Ec2: 0.3431316399
iteration: 36845us.
rmm: 4409us. density: 12977us. pot: 0us. forces: 0us. resto: 0us. functions: 12944us.

XC energy: -8.830124068
TIMER [actualiza rmm]: 11us.
TIMER [dspev]: 63us.
TIMER [coeff]: 6us.
TIMER [otras cosas]: 3us.
 34  0.500000E+01     -76.0668419
TIMER [Total iter]: 37004us.
TIMER [principio int3lu]: 7us.
TIMER [int3lu]: 4us.
<================ iteracion [rmm] ==========>
Ei: -8.537969958 Ec: -0.2921825886 Ec1: -0.6353165459 Ec2: 0.3431339573
iteration: 37067us.
rmm: 4391us. density: 12945us. pot: 0us. forces: 0us. resto: 0us. functions: 13214us.

XC energy: -8.830152548
TIMER [actualiza rmm]: 11us.
TIMER [dspev]: 63us.
TIMER [coeff]: 6us.
TIMER [otras cosas]: 3us.
 35  0.500000E+01     -76.0668421
TIMER [Total iter]: 37234us.
TIMER [principio int3lu]: 7us.
TIMER [int3lu]: 4us.
<================ iteracion [rmm] ==========>
Ei: -8.537992821 Ec: -0.2921817173 Ec1: -0.6353174814 Ec2: 0.3431357637
iteration: 36851us.
rmm: 4410us. density: 12903us. pot: 0us. forces: 0us. resto: 0us. functions: 12998us.

XC energy: -8.83017454
TIMER [actualiza rmm]: 11us.
TIMER [dspev]: 64us.
TIMER [coeff]: 6us.
TIMER [otras cosas]: 3us.
 36  0.500000E+01     -76.0668418
TIMER [Total iter]: 37009us.
TIMER [principio int3lu]: 7us.
TIMER [int3lu]: 4us.
<================ iteracion [rmm] ==========>
Ei: -8.538010676 Ec: -0.2921810102 Ec1: -0.6353182106 Ec2: 0.3431372
iteration: 36929us.
rmm: 4405us. density: 12905us. pot: 0us. forces: 0us. resto: 0us. functions: 13095us.

XC energy: -8.830191686
TIMER [actualiza rmm]: 11us.
TIMER [dspev]: 63us.
TIMER [coeff]: 6us.
TIMER [otras cosas]: 3us.
 37  0.500000E+01     -76.0668422
TIMER [Total iter]: 37087us.
TIMER [principio int3lu]: 7us.
TIMER [int3lu]: 4us.
<================ iteracion [rmm] ==========>
Ei: -8.538024207 Ec: -0.2921804442 Ec1: -0.6353187656 Ec2: 0.3431383216
iteration: 37053us.
rmm: 4413us. density: 13016us. pot: 0us. forces: 0us. resto: 0us. functions: 13144us.

XC energy: -8.830204649
TIMER [actualiza rmm]: 11us.
TIMER [dspev]: 64us.
TIMER [coeff]: 6us.
TIMER [otras cosas]: 3us.
 38  0.500000E+01     -76.0668419
TIMER [Total iter]: 37213us.
TIMER [principio int3lu]: 7us.
TIMER [int3lu]: 4us.
<================ iteracion [rmm] ==========>
Ei: -8.538034892 Ec: -0.2921800018 Ec1: -0.6353192113 Ec2: 0.3431392093
iteration: 36960us.
rmm: 4398us. density: 12971us. pot: 0us. forces: 0us. resto: 0us. functions: 13070us.

XC energy: -8.830214897
TIMER [actualiza rmm]: 11us.
TIMER [dspev]: 64us.
TIMER [coeff]: 6us.
TIMER [otras cosas]: 3us.
 39  0.500000E+01     -76.0668418
TIMER [Total iter]: 37120us.
TIMER [principio int3lu]: 7us.
TIMER [int3lu]: 4us.
<================ iteracion [rmm] ==========>
Ei: -8.538043099 Ec: -0.2921796506 Ec1: -0.6353195602 Ec2: 0.3431399099
iteration: 36986us.
rmm: 4477us. density: 12935us. pot: 0us. forces: 0us. resto: 0us. functions: 13067us.

XC energy: -8.830222747
TIMER [actualiza rmm]: 11us.
TIMER [dspev]: 64us.
TIMER [coeff]: 6us.
TIMER [otras cosas]: 3us.
 40  0.500000E+01     -76.0668416
TIMER [Total iter]: 37161us.
TIMER [principio int3lu]: 7us.
TIMER [int3lu]: 4us.
<================ iteracion [rmm] ==========>
Ei: -8.538049952 Ec: -0.2921793728 Ec1: -0.6353198466 Ec2: 0.3431404737
iteration: 36964us.
rmm: 4434us. density: 13063us. pot: 0us. forces: 0us. resto: 0us. functions: 12955us.

XC energy: -8.83022932
TIMER [actualiza rmm]: 11us.
TIMER [dspev]: 64us.
TIMER [coeff]: 6us.
TIMER [otras cosas]: 3us.
 41  0.500000E+01     -76.0668419
TIMER [Total iter]: 37123us.
TIMER [principio int3lu]: 7us.
TIMER [int3lu]: 4us.
<================ iteracion [rmm] ==========>
Ei: -8.538054893 Ec: -0.2921791433 Ec1: -0.635320057 Ec2: 0.3431409148
iteration: 37074us.
rmm: 4396us. density: 12942us. pot: 0us. forces: 0us. resto: 0us. functions: 13209us.

XC energy: -8.830234034
TIMER [actualiza rmm]: 19us.
TIMER [dspev]: 64us.
TIMER [coeff]: 6us.
TIMER [otras cosas]: 3us.
 42  0.500000E+01     -76.0668418
TIMER [Total iter]: 37251us.
TIMER [principio int3lu]: 7us.
TIMER [int3lu]: 4us.
<================ iteracion [rmm] ==========>
Ei: -8.538059176 Ec: -0.2921789679 Ec1: -0.6353202406 Ec2: 0.3431412729
iteration: 36922us.
rmm: 4402us. density: 12938us. pot: 0us. forces: 0us. resto: 0us. functions: 13036us.

XC energy: -8.830238142
TIMER [actualiza rmm]: 11us.
TIMER [dspev]: 64us.
TIMER [coeff]: 6us.
TIMER [otras cosas]: 3us.
 43  0.500000E+01     -76.0668421
TIMER [Total iter]: 37081us.
TIMER [principio int3lu]: 7us.
TIMER [int3lu]: 4us.
<================ iteracion [rmm] ==========>
Ei: -8.53806208 Ec: -0.292178823 Ec1: -0.6353203719 Ec2: 0.3431415488
iteration: 37148us.
rmm: 4401us. density: 13140us. pot: 0us. forces: 0us. resto: 0us. functions: 12964us.

XC energy: -8.830240899
TIMER [actualiza rmm]: 11us.
TIMER [dspev]: 63us.
TIMER [coeff]: 6us.
TIMER [otras cosas]: 3us.
 44  0.500000E+01     -76.0668419
TIMER [Total iter]: 37306us.
TIMER [principio int3lu]: 7us.
TIMER [int3lu]: 4us.
<================ iteracion [rmm] ==========>
Ei: -8.538064446 Ec: -0.2921787005 Ec1: -0.6353204722 Ec2: 0.3431417719
iteration: 36866us.
rmm: 4406us. density: 12994us. pot: 0us. forces: 0us. resto: 0us. functions: 12984us.

XC energy: -8.830243139
TIMER [actualiza rmm]: 11us.
TIMER [dspev]: 63us.
TIMER [coeff]: 6us.
TIMER [otras cosas]: 3us.
 45  0.500000E+01     -76.0668419
TIMER [Total iter]: 37024us.
TIMER [principio int3lu]: 7us.
TIMER [int3lu]: 4us.
<================ iteracion [rmm] ==========>
Ei: -8.538066378 Ec: -0.2921786052 Ec1: -0.6353205572 Ec2: 0.3431419522
iteration: 36966us.
rmm: 4429us. density: 12937us. pot: 0us. forces: 0us. resto: 0us. functions: 13051us.

XC energy: -8.830244986
TIMER [actualiza rmm]: 13us.
TIMER [dspev]: 76us.
TIMER [coeff]: 7us.
TIMER [otras cosas]: 3us.
 46  0.500000E+01     -76.0668419
TIMER [Total iter]: 37152us.
TIMER [principio int3lu]: 8us.
TIMER [int3lu]: 5us.
<================ iteracion [rmm] ==========>
Ei: -8.538068105 Ec: -0.2921785307 Ec1: -0.6353206312 Ec2: 0.3431421013
iteration: 36917us.
rmm: 4407us. density: 12946us. pot: 0us. forces: 0us. resto: 0us. functions: 13061us.

XC energy: -8.830246634
TIMER [actualiza rmm]: 11us.
TIMER [dspev]: 65us.
TIMER [coeff]: 7us.
TIMER [otras cosas]: 3us.
 47  0.500000E+01     -76.0668422
TIMER [Total iter]: 37083us.
TIMER [principio int3lu]: 7us.
TIMER [int3lu]: 4us.
<================ iteracion [rmm] ==========>
Ei: -8.538068867 Ec: -0.2921784635 Ec1: -0.6353206688 Ec2: 0.3431422059
iteration: 36860us.
rmm: 4435us. density: 12943us. pot: 0us. forces: 0us. resto: 0us. functions: 12961us.

XC energy: -8.830247334
TIMER [actualiza rmm]: 11us.
TIMER [dspev]: 64us.
TIMER [coeff]: 6us.
TIMER [otras cosas]: 3us.
 48  0.500000E+01     -76.0668418
TIMER [Total iter]: 37020us.
TIMER [principio int3lu]: 7us.
TIMER [int3lu]: 4us.
<================ iteracion [rmm] ==========>
Ei: -8.538070228 Ec: -0.2921784209 Ec1: -0.6353207312 Ec2: 0.3431423104
iteration: 37085us.
rmm: 4404us. density: 12962us. pot: 0us. forces: 0us. resto: 0us. functions: 13224us.

XC energy: -8.83024864
TIMER [actualiza rmm]: 12us.
TIMER [dspev]: 65us.
TIMER [coeff]: 6us.
TIMER [otras cosas]: 3us.
 49  0.500000E+01     -76.0668422
TIMER [Total iter]: 37285us.
 CONVERGED AT          49 ITERATIONS
<======= GPU New Grid (2)========>
not loading, same grid as loaded
<================ iteracion [energia] ==========>
Ei: -8.538070723 Ec: -0.2921783766 Ec1: -0.6353207534 Ec2: 0.3431423768
iteration: 32216us.
rmm: 5us. density: 12838us. pot: 0us. forces: 0us. resto: 0us. functions: 12908us.

XC energy: -8.830249096
 
  ENERGY CONTRIBUTIONS IN A.U.
  ONE ELECTRON         COULOMB           NUCLEAR
  -114.4061136        51.2268015         4.7729671
TIMER [SCF]: 2s. 82462us.
 SCF ENRGY=  -47732.6581249357     
