gaussian
 8  15   6
           6           2           1           4           1           1
           0           0           0           1           1           2
   5222.9022000   -0.001936
    782.5399400   -0.014851
    177.2674300   -0.073319
     49.5166880   -0.245116
     15.6664400   -0.480285
      5.1793599   -0.335943
     10.6014410    0.078806
      0.9423170   -0.567695
      0.2774746    1.000000
     33.4241260    0.017560
      7.6221714    0.107630
      2.2382093    0.323526
      0.6867300    0.483223
      0.1938135    1.000000
      0.8000000    1.000000
           8          13          13
           1           1           1           1           1           1
           1           1           1           1           1           1
           1
           0           0           0           0           0           0
           0           1           1           1           2           2
           2
   2000.0000000    1.000000
    400.0000000    1.000000
    100.0000000    1.000000
     25.0000000    1.000000
      7.8000000    1.000000
      1.5600000    1.000000
      0.3900000    1.000000
      7.8000000    1.000000
      1.5600000    1.000000
      0.3900000    1.000000
      7.8000000    1.000000
      1.5600000    1.000000
      0.3900000    1.000000
gaussian
 1   5   2
           4           1
           0           0
     50.9991780    0.009660
      7.4832181    0.073729
      1.7774676    0.295858
      0.5193295    0.715905
      0.1541100    1.000000
           1           4           4
           1           1           1           1
           0           0           0           0
     45.0000000    1.000000
      7.5000000    1.000000
      1.5000000    1.000000
      0.3000000    1.000000
endbasis
