 &INT0
 TITLE   = NO3                                                              ,
 NATOM   =           2,
 NOPT    =           2,
 NORM    = T,
 ANG     = F,
 EX      = T,
 COUL    = F,
 SCF1    = T,
 PROP    = F,
 FIELD   = F,
 SOL     = F,
 RESP1   = F
 /
  8     71.762448    35.512769    96.172805
  8     70.885172    36.746272    95.119946
 &GEO
 FTOL    =  1.000000000000000E-004,
 IMIN    =           0,
 IBRENT  =           0,
 DELTA   =  1.000000000000000E-002,
 INMOD   =           0,
 THERMO  =  0.000000000000000E+000,
 TEMP    =   298.000000000000     ,
 SIGMA   =   1.00000000000000     
 /
gaussian
 8  15   6
           6           2           1           4           1           1
           0           0           0           1           1           2
   5222.9022000   -0.001936
    782.5399400   -0.014851
    177.2674300   -0.073319
     49.5166880   -0.245116
     15.6664400   -0.480285
      5.1793599   -0.335943
     10.6014410    0.078806
      0.9423170   -0.567695
      0.2774746    1.000000
     33.4241260    0.017560
      7.6221714    0.107630
      2.2382093    0.323526
      0.6867300    0.483223
      0.1938135    1.000000
      0.8000000    1.000000
           8          13          13
           1           1           1           1           1           1
           1           1           1           1           1           1
           1
           0           0           0           0           0           0
           0           1           1           1           2           2
           2
   2000.0000000    1.000000
    400.0000000    1.000000
    100.0000000    1.000000
     25.0000000    1.000000
      7.8000000    1.000000
      1.5600000    1.000000
      0.3900000    1.000000
      7.8000000    1.000000
      1.5600000    1.000000
      0.3900000    1.000000
      7.8000000    1.000000
      1.5600000    1.000000
      0.3900000    1.000000
gaussian
 1   5   2
           4           1
           0           0
     50.9991780    0.009660
      7.4832181    0.073729
      1.7774676    0.295858
      0.5193295    0.715905
      0.1541100    1.000000
           1           4           4
           1           1           1           1
           0           0           0           0
     45.0000000    1.000000
      7.5000000    1.000000
      1.5000000    1.000000
      0.3000000    1.000000
endbasis
 &SCFINP
 OPEN    = F,
 NMAX    =         300,
 NCO     =           8,
 NUNP    =           0,
 ATRHO   = F,
 VCINP   = T,
 DIRECT  = T,
 EXTR    = F,
 SHFT    = F,
 SHI     =   1.00000000000000     ,
 IDAMP   =           0,
 GOLD    =   5.00000000000000     ,
 TOLD    =  1.000000000000000E-006,
 WRITE   = F,
 MEMO    = T,
 RMAX    =   16.0000000000000     ,
 RMAXS   =   16.0000000000000     ,
 PARSEARCH       = F
 /
 &EXCH
 IEXCH   =           9,
 INTEG   = T,
 DENS    = T,
 IGRID   =           2,
 IGRID2  =           2
 /
