-0.9995119E+00   0.2525424E+00  -0.2169318E-04   0.3824575E-01
 0.1390291E-06
-0.1072000E-01  -0.1016459E+01   0.9291104E-04  -0.1676033E+00
-0.4065294E-05
-0.9076135E-02   0.5355962E+00  -0.7267775E-04   0.1248722E+00
-0.3420489E-05
 0.3092130E-03   0.1648533E-01  -0.6371822E+00  -0.2866944E+00
-0.9348654E-01
 0.5786273E-03   0.3083732E-01   0.1863445E+00  -0.5353946E+00
 0.5794834E+00
-0.4046736E-03  -0.2157614E-01  -0.2213960E+00   0.3745375E+00
 0.7567975E+00
-0.2698168E-03   0.5073903E-02  -0.2250914E+00  -0.1040097E+00
-0.3728473E-01
-0.5048493E-03   0.9492263E-02   0.6582785E-01  -0.1942333E+00
 0.2311120E+00
 0.3531717E-03  -0.6641274E-02  -0.7821072E-01   0.1358769E+00
 0.3018284E+00
 0.4054984E-02   0.2087293E-02  -0.8721769E-02  -0.3389838E-02
-0.4001412E-03
 0.1095983E-04   0.4913202E-03  -0.7945242E-02  -0.1802688E-02
 0.1002213E-02
 0.4077442E-02  -0.4224338E-02   0.4765368E-02  -0.2397048E-02
 0.4653038E-02
-0.1075685E-04   0.1818243E-02   0.4839758E-02   0.2957724E-03
 0.2177965E-02
-0.3843518E-05  -0.7960905E-02  -0.5196516E-02   0.5622058E-02
 0.1628681E-02
 0.4072963E-02  -0.7823657E-02   0.3961920E-02   0.5165537E-03
-0.4250244E-02
-0.3538470E-04   0.2444311E-01   0.2005225E+00  -0.1934757E+00
-0.2406920E-06
 0.7563006E-03   0.1830120E-01   0.2358018E+00  -0.2405997E+00
-0.1098255E-05
-0.3546218E-04   0.2442882E-01  -0.2003731E+00  -0.1936259E+00
-0.7304262E-06
 0.7560304E-03   0.1829572E-01  -0.2356469E+00  -0.2407985E+00
-0.8849502E-06
