gaussian
 1   6   3
           4           1           1
           0           0           0
     50.9991780    0.009660
      7.4832181    0.073729
      1.7774676    0.295858
      0.5193295    0.715905
      0.1541100    1.000000
      0.7500000    1.000000
           1           4           4
           1           1           1           1
           0           0           0           0
     45.0000000    1.000000
      7.5000000    1.000000
      0.3000000    1.000000
      1.5000000    1.000000
gaussian
 6  15   6
           6           2           1           4           1           1
           0           0           0           1           1           2
   2808.0645000    0.002018
    421.1382800    0.015433
     95.5866160    0.075581
     26.7390040    0.247828
      8.4328268    0.479372
      2.7605821    0.333834
      5.4470045   -0.077841
      0.4792422    0.568956
      0.1461565    1.000000
     18.1308520    0.015855
      4.0998832    0.095683
      1.1858370    0.304912
      0.3685974    0.493502
      0.1097200    1.000000
      0.6000000    1.000000
           6          13          13
           1           1           1           1           1           1
           1           1           1           1           1           1
           1
           0           0           0           0           0           0
           0           1           1           1           2           2
           2
   1114.0000000    1.000000
    223.0000000    1.000000
     55.7200000    1.000000
     13.9000000    1.000000
      4.4000000    1.000000
      0.8700000    1.000000
      0.2200000    1.000000
      4.4000000    1.000000
      0.8700000    1.000000
      0.2200000    1.000000
      4.4000000    1.000000
      0.8700000    1.000000
      0.2200000    1.000000
gaussian
26  29  10
           6           3           3           2           1           5
           3           1           4           1
           0           0           0           0           0           1
           1           1           2           2
  61430.2270000    0.001756
   9222.1760000    0.013417
   2097.5969000    0.066695
    591.4904000    0.228205
    191.8606200    0.469450
     65.8263280    0.363557
    128.7407400   -0.104917
     14.7181330    0.617962
      5.9507543    0.456009
     10.8598790    0.218492
      1.7194471   -0.711331
      0.6664532   -0.418695
      0.9754761   -0.144105
      0.1231143    0.595813
      0.0448795    1.000000
    780.6203000   -0.009122
    184.0062200   -0.068004
     58.0844670   -0.259768
     20.7597950   -0.506014
      7.5934515   -0.341908
      4.0279173   -0.327296
      1.5264700   -0.548150
      0.5573702   -0.250663
      0.1210000    1.000000
     23.9293160   -0.063492
      6.3999013   -0.278391
      1.9317417   -0.493820
      0.5115279   -0.486269
      0.0900000    1.000000
          26          20          20
           1           1           1           1           1           1
           1           1           1           1           1           1
           1           1           1           1           1           1
           1           1
           0           0           0           0           0           0
           0           0           0           0           1           1
           1           1           1           2           2           2
           2           2
  44000.0000000    1.000000
   8800.0000000    1.000000
   2200.0000000    1.000000
    550.0000000    1.000000
    137.0000000    1.000000
     43.2000000    1.000000
      8.6000000    1.000000
      2.2000000    1.000000
      0.5400000    1.000000
      0.1350000    1.000000
     43.2000000    1.000000
      8.6000000    1.000000
      2.2000000    1.000000
      0.5400000    1.000000
      0.1350000    1.000000
     43.2000000    1.000000
      8.6000000    1.000000
      2.2000000    1.000000
      0.5400000    1.000000
      0.1350000    1.000000
gaussian
 7  15   6
           6           2           1           4           1           1
           0           0           0           1           1           2
   3845.4149000    0.002019
    577.5332300    0.015408
    131.3198300    0.075371
     36.8237810    0.248212
     11.6701150    0.479827
      3.8542604    0.331801
      7.8295611   -0.077667
      0.6877351    0.565460
      0.2040388    1.000000
     26.8098410    0.015466
      6.0681540    0.096440
      1.7676256    0.308361
      0.5466727    0.491160
      0.1587289    1.000000
      0.7000000    1.000000
           7          13          13
           1           1           1           1           1           1
           1           1           1           1           1           1
           1
           0           0           0           0           0           0
           0           1           1           1           2           2
           2
   1640.0000000    1.000000
    328.0000000    1.000000
     82.0000000    1.000000
     20.5000000    1.000000
      6.4000000    1.000000
      1.2800000    1.000000
      0.3200000    1.000000
      6.4000000    1.000000
      1.2800000    1.000000
      0.3200000    1.000000
      6.4000000    1.000000
      1.2800000    1.000000
      0.3200000    1.000000
gaussian
16  21   8
           6           3           2           1           5           2
           1           1
           0           0           0           0           1           1
           1           2
  23050.0670000   -0.001757
   3451.8663000   -0.013489
    781.2786700   -0.067433
    218.4765300   -0.231860
     69.8326320   -0.474942
     23.4947980   -0.356499
     46.4823770   -0.094042
      4.8807488    0.582888
      1.8014758    0.492326
      2.9778039    0.173155
      0.3942510   -0.685436
      0.1417028    1.000000
    231.3312600    0.011279
     54.1461640    0.079426
     16.7576180    0.280880
      5.7193197    0.502019
      1.9560351    0.334415
      0.8955912    0.264681
      0.3094227    0.549613
      0.1021157    1.000000
      0.6500000    1.000000
          16          17          17
           1           1           1           1           1           1
           1           1           1           1           1           1
           1           1           1           1           1
           0           0           0           0           0           0
           0           0           0           1           1           1
           1           2           2           2           2
  16384.0000000    1.000000
   3277.0000000    1.000000
    819.0000000    1.000000
    205.0000000    1.000000
     51.0000000    1.000000
     16.0000000    1.000000
      3.2000000    1.000000
      0.8000000    1.000000
      0.2000000    1.000000
     16.0000000    1.000000
      3.2000000    1.000000
      0.8000000    1.000000
      0.2000000    1.000000
     16.0000000    1.000000
      3.2000000    1.000000
      0.8000000    1.000000
      0.2000000    1.000000
gaussian
 8  15   6
           6           2           1           4           1           1
           0           0           0           1           1           2
   5222.9022000   -0.001936
    782.5399400   -0.014851
    177.2674300   -0.073319
     49.5166880   -0.245116
     15.6664400   -0.480285
      5.1793599   -0.335943
     10.6014410    0.078806
      0.9423170   -0.567695
      0.2774746    1.000000
     33.4241260    0.017560
      7.6221714    0.107630
      2.2382093    0.323526
      0.6867300    0.483223
      0.1938135    1.000000
      0.8000000    1.000000
           8          13          13
           1           1           1           1           1           1
           1           1           1           1           1           1
           1
           0           0           0           0           0           0
           0           1           1           1           2           2
           2
   2000.0000000    1.000000
    400.0000000    1.000000
    100.0000000    1.000000
     25.0000000    1.000000
      7.8000000    1.000000
      1.5600000    1.000000
      0.3900000    1.000000
      7.8000000    1.000000
      1.5600000    1.000000
      0.3900000    1.000000
      7.8000000    1.000000
      1.5600000    1.000000
      0.3900000    1.000000
endbasis
