-0.9995119E+00   0.2525429E+00  -0.2151964E-04   0.3824518E-01
 0.1208447E-06
-0.1072002E-01  -0.1016465E+01   0.9178022E-04  -0.1675936E+00
-0.4073730E-05
-0.9076213E-02   0.5355943E+00  -0.7252130E-04   0.1248775E+00
-0.3587704E-05
 0.3092340E-03   0.1648610E-01  -0.6371857E+00  -0.2866934E+00
-0.9348545E-01
 0.5786541E-03   0.3083847E-01   0.1863439E+00  -0.5353974E+00
 0.5794812E+00
-0.4046946E-03  -0.2157701E-01  -0.2213951E+00   0.3745404E+00
 0.7567938E+00
-0.2698248E-03   0.5072842E-02  -0.2250887E+00  -0.1040087E+00
-0.3728490E-01
-0.5048596E-03   0.9490060E-02   0.6582636E-01  -0.1942322E+00
 0.2311147E+00
 0.3531796E-03  -0.6639759E-02  -0.7820891E-01   0.1358768E+00
 0.3018318E+00
 0.4055027E-02   0.2087396E-02  -0.8721631E-02  -0.3391260E-02
-0.4000441E-03
 0.1096085E-04   0.4914547E-03  -0.7945107E-02  -0.1802217E-02
 0.1002049E-02
 0.4077475E-02  -0.4224801E-02   0.4765443E-02  -0.2397902E-02
 0.4652379E-02
-0.1075425E-04   0.1818335E-02   0.4839719E-02   0.2954414E-03
 0.2177585E-02
-0.3856777E-05  -0.7961847E-02  -0.5196413E-02   0.5621568E-02
 0.1628423E-02
 0.4072990E-02  -0.7824497E-02   0.3962015E-02   0.5154111E-03
-0.4249526E-02
-0.3538485E-04   0.2444330E-01   0.2005250E+00  -0.1934794E+00
-0.3215524E-06
 0.7563076E-03   0.1830112E-01   0.2357992E+00  -0.2405977E+00
-0.1082082E-05
-0.3546208E-04   0.2442913E-01  -0.2003770E+00  -0.1936280E+00
-0.4846121E-06
 0.7560382E-03   0.1829559E-01  -0.2356461E+00  -0.2407948E+00
-0.6179502E-06
