 &INT0
 TITLE   = NO3                                                              ,
 NATOM   =           3,
 NOPT    =           0,
 NORM    = T,
 ANG     = F,
 EX      = T,
 COUL    = F,
 SCF1    = T,
 PROP    = F,
 FIELD   = F,
 SOL     = F,
 RESP1   = F
 /
  8     71.762448    35.512769    96.172805
  1     70.885172    36.746272    95.119946
  1     73.544272    35.969662    96.043066
gaussian
 8  15   6
           6           2           1           4           1           1
           0           0           0           1           1           2
   5222.9022000   -0.001936
    782.5399400   -0.014851
    177.2674300   -0.073319
     49.5166880   -0.245116
     15.6664400   -0.480285
      5.1793599   -0.335943
     10.6014410    0.078806
      0.9423170   -0.567695
      0.2774746    1.000000
     33.4241260    0.017560
      7.6221714    0.107630
      2.2382093    0.323526
      0.6867300    0.483223
      0.1938135    1.000000
      0.8000000    1.000000
           8          13          13
           1           1           1           1           1           1
           1           1           1           1           1           1
           1
           0           0           0           0           0           0
           0           1           1           1           2           2
           2
   2000.0000000    1.000000
    400.0000000    1.000000
    100.0000000    1.000000
     25.0000000    1.000000
      7.8000000    1.000000
      1.5600000    1.000000
      0.3900000    1.000000
      7.8000000    1.000000
      1.5600000    1.000000
      0.3900000    1.000000
      7.8000000    1.000000
      1.5600000    1.000000
      0.3900000    1.000000
gaussian
 1   5   2
           4           1
           0           0
     50.9991780    0.009660
      7.4832181    0.073729
      1.7774676    0.295858
      0.5193295    0.715905
      0.1541100    1.000000
           1           4           4
           1           1           1           1
           0           0           0           0
     45.0000000    1.000000
      7.5000000    1.000000
      1.5000000    1.000000
      0.3000000    1.000000
endbasis
 &SCFINP
 OPEN    = F,
 NMAX    =         300,
 NCO     =           5,
 NUNP    =           0,
 ATRHO   = F,
 VCINP   = T,
 DIRECT  = T,
 EXTR    = F,
 SHFT    = F,
 SHI     =   1.00000000000000     ,
 IDAMP   =           0,
 GOLD    =   5.00000000000000     ,
 TOLD    =  1.000000000000000E-006,
 WRITE   = F,
 MEMO    = T,
 RMAX    =   16.0000000000000     ,
 RMAXS   =   16.0000000000000     ,
 PARSEARCH       = F
 /
 &EXCH
 IEXCH   =           9,
 INTEG   = T,
 DENS    = T,
 IGRID   =           2,
 IGRID2  =           2
 /
 0.9997148E+00   0.2238492E+00   0.1289229E-04  -0.9274566E-01
 0.6576804E-09
 0.1405839E-01  -0.9030248E+00  -0.4459352E-04   0.3719599E+00
 0.1973699E-05
 0.1557604E-01   0.3888921E+00   0.5589476E-04  -0.3229420E+00
 0.2744807E-05
-0.7760566E-03   0.7769725E-01   0.6806200E+00   0.3189434E+00
 0.9018742E-01
-0.1450829E-02   0.1453071E+00  -0.1988301E+00   0.5961382E+00
-0.5590316E+00
 0.1015103E-02  -0.1016630E+00   0.2363184E+00  -0.4170606E+00
-0.7300986E+00
 0.8765426E-03   0.1132682E-01   0.1708992E+00   0.1242455E+00
 0.4046068E-01
 0.1638730E-02   0.2117161E-01  -0.4991844E-01   0.2322265E+00
-0.2508021E+00
-0.1146522E-02  -0.1481182E-01   0.5933289E-01  -0.1624657E+00
-0.3275511E+00
-0.5140267E-02   0.2495506E-01   0.2822630E-01   0.9262100E-04
 0.2329428E-02
-0.1483163E-05   0.7369812E-03   0.2570317E-01   0.1776411E-01
-0.5823146E-02
-0.5146024E-02   0.1205616E-01  -0.1541212E-01   0.1977725E-01
-0.2700390E-01
 0.2249364E-05   0.3805889E-02  -0.1565461E-01  -0.1216307E-01
-0.1264934E-01
-0.1999533E-05  -0.1559369E-01   0.1680127E-01  -0.2412791E-01
-0.9453526E-02
-0.5146512E-02   0.5063799E-02  -0.1281637E-01   0.4704080E-02
 0.2467378E-01
 0.2585100E-03   0.1479725E+00  -0.2531243E+00   0.1508263E+00
-0.1144024E-06
-0.2712798E-02   0.1153988E-01  -0.1027635E+00   0.6247665E-01
-0.3050387E-05
 0.2580754E-03   0.1479314E+00   0.2531245E+00   0.1508434E+00
 0.1498122E-06
-0.2711892E-02   0.1154014E-01   0.1027804E+00   0.6250767E-01
 0.2764036E-06
